[2026-04-04T18:01:15+09:00] ═══ TECS-L Discovery Loop starting (max=1, interval=1s) ═══
[2026-04-04T18:01:15+09:00] ── Cycle 1/1 ──
[2026-04-04T18:01:15+09:00] Step 1: Measuring domain health...
[2026-04-04T18:01:15+09:00] Measure result: {"target_domain": "N", "priority_score": 0.0, "domain_name": "Number Theory", "health": "thriving", "gap": 0.0}
[2026-04-04T18:01:15+09:00] Target: domain=N, mode=dfs
[2026-04-04T18:01:15+09:00] [DRY RUN] Would act on domain=N mode=dfs
[2026-04-04T18:01:16+09:00] ═══ TECS-L Discovery Loop finished (1 cycles) ═══
[2026-04-04T18:03:40+09:00] ═══ TECS-L Discovery Loop starting (max=6, interval=1s) ═══
[2026-04-04T18:03:40+09:00] ── Cycle 1/6 ──
[2026-04-04T18:03:40+09:00] Step 1: Measuring domain health...
[2026-04-04T18:03:40+09:00] Measure result: {"target_domain": "N", "priority_score": 0.0, "domain_name": "Number Theory", "health": "thriving", "gap": 0.0}
[2026-04-04T18:03:40+09:00] Target: domain=N, mode=dfs
[2026-04-04T18:03:40+09:00] Step 2: Running discovery action...
[2026-04-04T18:03:40+09:00] Act result: {
  "discoveries": 0,
  "cycle": 3,
  "mode": "pair",
  "consecutive_failures": 3,
  "buffer_size": 0
}
[2026-04-04T18:03:40+09:00] Step 3: Cross-validating discoveries...
[2026-04-04T18:03:40+09:00] Validate result: {
  "total_validated": 0,
  "confirmed": 0,
  "buffer_size": 0
}
[2026-04-04T18:03:40+09:00] Step 4: Recording confirmed discoveries...
[2026-04-04T18:03:40+09:00] Record result: {
  "recorded": 0,
  "remaining_buffer": 0,
  "total_in_log": 0
}
[2026-04-04T18:03:40+09:00] Step 5: Checking publish threshold...
[2026-04-04T18:03:40+09:00] Publish result: {
  "published": false,
  "reason": "below threshold (0/6)",
  "unpublished_count": 0
}
[2026-04-04T18:03:40+09:00] BRAKE: 3 consecutive discovery failures. Mode may rotate next cycle.
[2026-04-04T18:03:40+09:00] ── Cycle 1 complete. Sleeping 1s ──
[2026-04-04T18:03:41+09:00] ── Cycle 2/6 ──
[2026-04-04T18:03:41+09:00] Step 1: Measuring domain health...
[2026-04-04T18:03:41+09:00] Measure result: {"target_domain": "N", "priority_score": 0.0, "domain_name": "Number Theory", "health": "thriving", "gap": 0.0}
[2026-04-04T18:03:41+09:00] Target: domain=N, mode=pair
[2026-04-04T18:03:41+09:00] Step 2: Running discovery action...
[2026-04-04T18:03:41+09:00] Act result: {
  "discoveries": 0,
  "cycle": 4,
  "mode": "pair",
  "consecutive_failures": 4,
  "buffer_size": 0
}
[2026-04-04T18:03:41+09:00] Step 3: Cross-validating discoveries...
[2026-04-04T18:03:41+09:00] Validate result: {
  "total_validated": 0,
  "confirmed": 0,
  "buffer_size": 0
}
[2026-04-04T18:03:41+09:00] Step 4: Recording confirmed discoveries...
[2026-04-04T18:03:41+09:00] Record result: {
  "recorded": 0,
  "remaining_buffer": 0,
  "total_in_log": 0
}
[2026-04-04T18:03:41+09:00] Step 5: Checking publish threshold...
[2026-04-04T18:03:41+09:00] Publish result: {
  "published": false,
  "reason": "below threshold (0/6)",
  "unpublished_count": 0
}
[2026-04-04T18:03:41+09:00] BRAKE: 3 consecutive discovery failures. Mode may rotate next cycle.
[2026-04-04T18:03:41+09:00] ── Cycle 2 complete. Sleeping 1s ──
[2026-04-04T18:03:42+09:00] ── Cycle 3/6 ──
[2026-04-04T18:03:42+09:00] Step 1: Measuring domain health...
[2026-04-04T18:03:42+09:00] Measure result: {"target_domain": "N", "priority_score": 0.0, "domain_name": "Number Theory", "health": "thriving", "gap": 0.0}
[2026-04-04T18:03:42+09:00] Target: domain=N, mode=pair
[2026-04-04T18:03:42+09:00] Step 2: Running discovery action...
[2026-04-04T18:03:43+09:00] Act result: {
  "discoveries": 0,
  "cycle": 5,
  "mode": "pair",
  "consecutive_failures": 5,
  "buffer_size": 0
}
[2026-04-04T18:03:43+09:00] Step 3: Cross-validating discoveries...
[2026-04-04T18:03:43+09:00] Validate result: {
  "total_validated": 0,
  "confirmed": 0,
  "buffer_size": 0
}
[2026-04-04T18:03:43+09:00] Step 4: Recording confirmed discoveries...
[2026-04-04T18:03:43+09:00] Record result: {
  "recorded": 0,
  "remaining_buffer": 0,
  "total_in_log": 0
}
[2026-04-04T18:03:43+09:00] Step 5: Checking publish threshold...
[2026-04-04T18:03:43+09:00] Publish result: {
  "published": false,
  "reason": "below threshold (0/6)",
  "unpublished_count": 0
}
[2026-04-04T18:03:43+09:00] BRAKE: 3 consecutive discovery failures. Mode may rotate next cycle.
[2026-04-04T18:03:43+09:00] ── Cycle 3 complete. Sleeping 1s ──
[2026-04-04T18:03:44+09:00] ── Cycle 4/6 ──
[2026-04-04T18:03:44+09:00] Step 1: Measuring domain health...
[2026-04-04T18:03:44+09:00] Measure result: {"target_domain": "N", "priority_score": 0.0, "domain_name": "Number Theory", "health": "thriving", "gap": 0.0}
[2026-04-04T18:03:44+09:00] Target: domain=N, mode=pair
[2026-04-04T18:03:44+09:00] Step 2: Running discovery action...
[2026-04-04T18:03:44+09:00] Act result: {
  "discoveries": 0,
  "cycle": 6,
  "mode": "backtrack",
  "consecutive_failures": 6,
  "buffer_size": 0
}
[2026-04-04T18:03:44+09:00] Step 3: Cross-validating discoveries...
[2026-04-04T18:03:44+09:00] Validate result: {
  "total_validated": 0,
  "confirmed": 0,
  "buffer_size": 0
}
[2026-04-04T18:03:44+09:00] Step 4: Recording confirmed discoveries...
[2026-04-04T18:03:44+09:00] Record result: {
  "recorded": 0,
  "remaining_buffer": 0,
  "total_in_log": 0
}
[2026-04-04T18:03:44+09:00] Step 5: Checking publish threshold...
[2026-04-04T18:03:44+09:00] Publish result: {
  "published": false,
  "reason": "below threshold (0/6)",
  "unpublished_count": 0
}
[2026-04-04T18:03:44+09:00] BRAKE: 3 consecutive discovery failures. Mode may rotate next cycle.
[2026-04-04T18:03:44+09:00] ── Cycle 4 complete. Sleeping 1s ──
[2026-04-04T18:03:45+09:00] ── Cycle 5/6 ──
[2026-04-04T18:03:45+09:00] Step 1: Measuring domain health...
[2026-04-04T18:03:45+09:00] Measure result: {"target_domain": "N", "priority_score": 0.0, "domain_name": "Number Theory", "health": "thriving", "gap": 0.0}
[2026-04-04T18:03:45+09:00] Target: domain=N, mode=backtrack
[2026-04-04T18:03:45+09:00] Step 2: Running discovery action...
[2026-04-04T18:03:45+09:00] Act result: {
  "discoveries": 0,
  "cycle": 7,
  "mode": "backtrack",
  "consecutive_failures": 7,
  "buffer_size": 0
}
[2026-04-04T18:03:45+09:00] Step 3: Cross-validating discoveries...
[2026-04-04T18:03:45+09:00] Validate result: {
  "total_validated": 0,
  "confirmed": 0,
  "buffer_size": 0
}
[2026-04-04T18:03:45+09:00] Step 4: Recording confirmed discoveries...
[2026-04-04T18:03:45+09:00] Record result: {
  "recorded": 0,
  "remaining_buffer": 0,
  "total_in_log": 0
}
[2026-04-04T18:03:45+09:00] Step 5: Checking publish threshold...
[2026-04-04T18:03:45+09:00] Publish result: {
  "published": false,
  "reason": "below threshold (0/6)",
  "unpublished_count": 0
}
[2026-04-04T18:03:45+09:00] BRAKE: 3 consecutive discovery failures. Mode may rotate next cycle.
[2026-04-04T18:03:45+09:00] ── Cycle 5 complete. Sleeping 1s ──
[2026-04-04T18:03:46+09:00] ── Cycle 6/6 ──
[2026-04-04T18:03:46+09:00] Step 1: Measuring domain health...
[2026-04-04T18:03:46+09:00] Measure result: {"target_domain": "N", "priority_score": 0.0, "domain_name": "Number Theory", "health": "thriving", "gap": 0.0}
[2026-04-04T18:03:46+09:00] Target: domain=N, mode=backtrack
[2026-04-04T18:03:46+09:00] Step 2: Running discovery action...
[2026-04-04T18:03:46+09:00] Act result: {
  "discoveries": 0,
  "cycle": 8,
  "mode": "backtrack",
  "consecutive_failures": 8,
  "buffer_size": 0
}
[2026-04-04T18:03:46+09:00] Step 3: Cross-validating discoveries...
[2026-04-04T18:03:47+09:00] Validate result: {
  "total_validated": 0,
  "confirmed": 0,
  "buffer_size": 0
}
[2026-04-04T18:03:47+09:00] Step 4: Recording confirmed discoveries...
[2026-04-04T18:03:47+09:00] Record result: {
  "recorded": 0,
  "remaining_buffer": 0,
  "total_in_log": 0
}
[2026-04-04T18:03:47+09:00] Step 5: Checking publish threshold...
[2026-04-04T18:03:47+09:00] Publish result: {
  "published": false,
  "reason": "below threshold (0/6)",
  "unpublished_count": 0
}
[2026-04-04T18:03:47+09:00] BRAKE: 3 consecutive discovery failures. Mode may rotate next cycle.
[2026-04-04T18:03:47+09:00] ── Cycle 6 complete. Sleeping 1s ──
[2026-04-04T18:03:48+09:00] ═══ TECS-L Discovery Loop finished (6 cycles) ═══
[2026-04-04T18:10:13+09:00] ═══ TECS-L Discovery Loop starting (max=1, interval=1s) ═══
[2026-04-04T18:10:13+09:00] ── Cycle 1/1 ──
[2026-04-04T18:10:13+09:00] Step 1: Measuring domain health...
[2026-04-04T18:10:13+09:00] Measure result: {"target_domain": "N", "priority_score": 0.0, "domain_name": "Number Theory", "health": "thriving", "gap": 0.0}
[2026-04-04T18:10:13+09:00] Target: domain=N, mode=dfs
[2026-04-04T18:10:13+09:00] [DRY RUN] Would act on domain=N mode=dfs
[2026-04-04T18:10:14+09:00] ═══ TECS-L Discovery Loop finished (1 cycles) ═══
[2026-04-04T18:14:43+09:00] ═══ TECS-L Discovery Loop starting (max=6, interval=2s) ═══
[2026-04-04T18:14:43+09:00] ── Cycle 1/6 ──
[2026-04-04T18:14:43+09:00] Step 1: Measuring domain health...
[2026-04-04T18:14:43+09:00] Measure result: {"target_domain": "N", "priority_score": 0.0, "domain_name": "Number Theory", "health": "thriving", "gap": 0.0}
[2026-04-04T18:14:43+09:00] Target: domain=N, mode=dfs
[2026-04-04T18:14:43+09:00] Step 2: Running discovery action...
[2026-04-04T18:14:45+09:00] Act result: {
  "discoveries": 11,
  "cycle": 1,
  "mode": "dfs",
  "consecutive_failures": 0,
  "buffer_size": 11,
  "engine_success": true,
  "engine_error": ""
}
[2026-04-04T18:14:45+09:00] Step 3: Cross-validating discoveries...
[2026-04-04T18:14:45+09:00] Validate result: {
  "total_validated": 11,
  "confirmed": 11,
  "buffer_size": 11
}
[2026-04-04T18:14:45+09:00] Step 4: Recording confirmed discoveries...
[2026-04-04T18:14:46+09:00] Record result:   JSON: /Users/ghost/Dev/nexus6/shared/math_atlas.json
  SQLite: /Users/ghost/Dev/nexus6/shared/math_atlas.db
  DOT: /Users/ghost/Dev/nexus6/shared/math_atlas.dot
  Markdown: /Users/ghost/Dev/nexus6/shared/MATH_ATLAS.md
  HTML: /Users/ghost/Dev/nexus6/shared/math_atlas.html

=== Math Atlas Summary ===
  Total hypotheses: 687
  Generated: 2026-04-04T18:14:46

  Per-repo:
    TECS-L         0
    SEDI         688
    anima          0
    golden-moe     0
    conscious-lm     0
    energy-efficiency     0

  Grade distribution (top 10):
    🟧        371  ########################################
    🟩        249  ########################################
    🟦         22  ####
    (none)    20  ####
    ⚪         12  ##
    ⬜ UNTE     7  #
    🟥          6  #

  Constant maps: 122
    SEDI         122
    TECS-L         0
    anima          0
    conscious-lm     0
    energy-efficiency     0
    golden-moe     0
  By category:
    other               69
    physics             15
    targets             14
    constants            6
    observed             5
    nuclear              5
    expressions          3
    architecture         3
    domains              2
  Evaluable: 71/122
{
  "recorded": 11,
  "remaining_buffer": 0,
  "total_in_log": 11,
  "bridge": {
    "notified": true,
    "points": 550,
    "routed": 0
  }
}
[2026-04-04T18:14:46+09:00] Step 5: Syncing via nexus-bridge...
[2026-04-04T18:14:46+09:00] Bridge result:   Syncing: math-atlas, lenses (parallel)...
  [ok] lenses 0.04s
  [FAIL] math-atlas 0.03s (/Applications/Xcode.app/Contents/Developer/usr/bin/python3: )

  1/2 완료 (0.0s)
[2026-04-04T18:14:46+09:00] Step 6: Checking publish threshold...
[2026-04-04T18:14:46+09:00] Publish result: {
  "published": true,
  "paper_id": "TECS-AUTO-20260404-181446",
  "discoveries": 11,
  "zenodo": false,
  "osf": false,
  "doi": null
}
[2026-04-04T18:14:46+09:00] ── Cycle 1 complete. Sleeping 2s ──
[2026-04-04T18:14:48+09:00] ── Cycle 2/6 ──
[2026-04-04T18:14:48+09:00] Step 1: Measuring domain health...
[2026-04-04T18:14:49+09:00] Measure result: {"target_domain": "N", "priority_score": 0.0, "domain_name": "Number Theory", "health": "thriving", "gap": 0.0}
[2026-04-04T18:14:49+09:00] Target: domain=N, mode=dfs
[2026-04-04T18:14:49+09:00] Step 2: Running discovery action...
[2026-04-04T18:14:51+09:00] Act result: {
  "discoveries": 12,
  "cycle": 2,
  "mode": "dfs",
  "consecutive_failures": 0,
  "buffer_size": 12,
  "engine_success": true,
  "engine_error": ""
}
[2026-04-04T18:14:51+09:00] Step 3: Cross-validating discoveries...
[2026-04-04T18:14:51+09:00] Validate result: {
  "total_validated": 12,
  "confirmed": 12,
  "buffer_size": 12
}
[2026-04-04T18:14:51+09:00] Step 4: Recording confirmed discoveries...
[2026-04-04T18:14:52+09:00] Record result:   JSON: /Users/ghost/Dev/nexus6/shared/math_atlas.json
  SQLite: /Users/ghost/Dev/nexus6/shared/math_atlas.db
  DOT: /Users/ghost/Dev/nexus6/shared/math_atlas.dot
  Markdown: /Users/ghost/Dev/nexus6/shared/MATH_ATLAS.md
  HTML: /Users/ghost/Dev/nexus6/shared/math_atlas.html

=== Math Atlas Summary ===
  Total hypotheses: 687
  Generated: 2026-04-04T18:14:51

  Per-repo:
    TECS-L         0
    SEDI         688
    anima          0
    golden-moe     0
    conscious-lm     0
    energy-efficiency     0

  Grade distribution (top 10):
    🟧        371  ########################################
    🟩        249  ########################################
    🟦         22  ####
    (none)    20  ####
    ⚪         12  ##
    ⬜ UNTE     7  #
    🟥          6  #

  Constant maps: 122
    SEDI         122
    TECS-L         0
    anima          0
    conscious-lm     0
    energy-efficiency     0
    golden-moe     0
  By category:
    other               69
    physics             15
    targets             14
    constants            6
    observed             5
    nuclear              5
    expressions          3
    architecture         3
    domains              2
  Evaluable: 71/122
{
  "recorded": 12,
  "remaining_buffer": 0,
  "total_in_log": 23,
  "bridge": {
    "notified": true,
    "points": 600,
    "routed": 0
  }
}
[2026-04-04T18:14:52+09:00] Step 5: Syncing via nexus-bridge...
[2026-04-04T18:14:52+09:00] Bridge result:   Syncing: math-atlas, lenses (parallel)...
  [ok] lenses 0.04s
  [FAIL] math-atlas 0.03s (/Applications/Xcode.app/Contents/Developer/usr/bin/python3: )

  1/2 완료 (0.0s)
[2026-04-04T18:14:52+09:00] Step 6: Checking publish threshold...
[2026-04-04T18:14:52+09:00] Publish result: {
  "published": true,
  "paper_id": "TECS-AUTO-20260404-181452",
  "discoveries": 12,
  "zenodo": false,
  "osf": false,
  "doi": null
}
[2026-04-04T18:14:52+09:00] ── Cycle 2 complete. Sleeping 2s ──
[2026-04-04T18:14:54+09:00] ── Cycle 3/6 ──
[2026-04-04T18:14:54+09:00] Step 1: Measuring domain health...
[2026-04-04T18:14:54+09:00] Measure result: {"target_domain": "N", "priority_score": 0.0, "domain_name": "Number Theory", "health": "thriving", "gap": 0.0}
[2026-04-04T18:14:54+09:00] Target: domain=N, mode=dfs
[2026-04-04T18:14:54+09:00] Step 2: Running discovery action...
[2026-04-04T18:14:56+09:00] Act result: {
  "discoveries": 9,
  "cycle": 3,
  "mode": "dfs",
  "consecutive_failures": 0,
  "buffer_size": 9,
  "engine_success": true,
  "engine_error": ""
}
[2026-04-04T18:14:56+09:00] Step 3: Cross-validating discoveries...
[2026-04-04T18:14:56+09:00] Validate result: {
  "total_validated": 9,
  "confirmed": 9,
  "buffer_size": 9
}
[2026-04-04T18:14:56+09:00] Step 4: Recording confirmed discoveries...
[2026-04-04T18:14:57+09:00] Record result:   JSON: /Users/ghost/Dev/nexus6/shared/math_atlas.json
  SQLite: /Users/ghost/Dev/nexus6/shared/math_atlas.db
  DOT: /Users/ghost/Dev/nexus6/shared/math_atlas.dot
  Markdown: /Users/ghost/Dev/nexus6/shared/MATH_ATLAS.md
  HTML: /Users/ghost/Dev/nexus6/shared/math_atlas.html

=== Math Atlas Summary ===
  Total hypotheses: 687
  Generated: 2026-04-04T18:14:57

  Per-repo:
    TECS-L         0
    SEDI         688
    anima          0
    golden-moe     0
    conscious-lm     0
    energy-efficiency     0

  Grade distribution (top 10):
    🟧        371  ########################################
    🟩        249  ########################################
    🟦         22  ####
    (none)    20  ####
    ⚪         12  ##
    ⬜ UNTE     7  #
    🟥          6  #

  Constant maps: 122
    SEDI         122
    TECS-L         0
    anima          0
    conscious-lm     0
    energy-efficiency     0
    golden-moe     0
  By category:
    other               69
    physics             15
    targets             14
    constants            6
    observed             5
    nuclear              5
    expressions          3
    architecture         3
    domains              2
  Evaluable: 71/122
{
  "recorded": 9,
  "remaining_buffer": 0,
  "total_in_log": 32,
  "bridge": {
    "notified": true,
    "points": 450,
    "routed": 0
  }
}
[2026-04-04T18:14:57+09:00] Step 5: Syncing via nexus-bridge...
[2026-04-04T18:14:57+09:00] Bridge result:   Syncing: math-atlas, lenses (parallel)...
  [ok] lenses 0.04s
  [FAIL] math-atlas 0.03s (/Applications/Xcode.app/Contents/Developer/usr/bin/python3: )

  1/2 완료 (0.0s)
[2026-04-04T18:14:57+09:00] Step 6: Checking publish threshold...
[2026-04-04T18:14:57+09:00] Publish result: {
  "published": true,
  "paper_id": "TECS-AUTO-20260404-181457",
  "discoveries": 9,
  "zenodo": false,
  "osf": false,
  "doi": null
}
[2026-04-04T18:14:57+09:00] ── Cycle 3 complete. Sleeping 2s ──
[2026-04-04T18:14:59+09:00] ── Cycle 4/6 ──
[2026-04-04T18:14:59+09:00] Step 1: Measuring domain health...
[2026-04-04T18:14:59+09:00] Measure result: {"target_domain": "N", "priority_score": 0.0, "domain_name": "Number Theory", "health": "thriving", "gap": 0.0}
[2026-04-04T18:14:59+09:00] Target: domain=N, mode=dfs
[2026-04-04T18:14:59+09:00] Step 2: Running discovery action...
[2026-04-04T18:15:01+09:00] Act result: {
  "discoveries": 9,
  "cycle": 4,
  "mode": "dfs",
  "consecutive_failures": 0,
  "buffer_size": 9,
  "engine_success": true,
  "engine_error": ""
}
[2026-04-04T18:15:01+09:00] Step 3: Cross-validating discoveries...
[2026-04-04T18:15:02+09:00] Validate result: {
  "total_validated": 9,
  "confirmed": 9,
  "buffer_size": 9
}
[2026-04-04T18:15:02+09:00] Step 4: Recording confirmed discoveries...
[2026-04-04T18:15:02+09:00] Record result:   JSON: /Users/ghost/Dev/nexus6/shared/math_atlas.json
  SQLite: /Users/ghost/Dev/nexus6/shared/math_atlas.db
  DOT: /Users/ghost/Dev/nexus6/shared/math_atlas.dot
  Markdown: /Users/ghost/Dev/nexus6/shared/MATH_ATLAS.md
  HTML: /Users/ghost/Dev/nexus6/shared/math_atlas.html

=== Math Atlas Summary ===
  Total hypotheses: 687
  Generated: 2026-04-04T18:15:02

  Per-repo:
    TECS-L         0
    SEDI         688
    anima          0
    golden-moe     0
    conscious-lm     0
    energy-efficiency     0

  Grade distribution (top 10):
    🟧        371  ########################################
    🟩        249  ########################################
    🟦         22  ####
    (none)    20  ####
    ⚪         12  ##
    ⬜ UNTE     7  #
    🟥          6  #

  Constant maps: 122
    SEDI         122
    TECS-L         0
    anima          0
    conscious-lm     0
    energy-efficiency     0
    golden-moe     0
  By category:
    other               69
    physics             15
    targets             14
    constants            6
    observed             5
    nuclear              5
    expressions          3
    architecture         3
    domains              2
  Evaluable: 71/122
{
  "recorded": 9,
  "remaining_buffer": 0,
  "total_in_log": 41,
  "bridge": {
    "notified": true,
    "points": 450,
    "routed": 0
  }
}
[2026-04-04T18:15:02+09:00] Step 5: Syncing via nexus-bridge...
[2026-04-04T18:15:02+09:00] Bridge result:   Syncing: math-atlas, lenses (parallel)...
  [ok] lenses 0.04s
  [FAIL] math-atlas 0.03s (/Applications/Xcode.app/Contents/Developer/usr/bin/python3: )

  1/2 완료 (0.0s)
[2026-04-04T18:15:02+09:00] Step 6: Checking publish threshold...
[2026-04-04T18:15:03+09:00] Publish result: {
  "published": true,
  "paper_id": "TECS-AUTO-20260404-181503",
  "discoveries": 9,
  "zenodo": false,
  "osf": false,
  "doi": null
}
[2026-04-04T18:15:03+09:00] ── Cycle 4 complete. Sleeping 2s ──
[2026-04-04T18:15:05+09:00] ── Cycle 5/6 ──
[2026-04-04T18:15:05+09:00] Step 1: Measuring domain health...
[2026-04-04T18:15:05+09:00] Measure result: {"target_domain": "N", "priority_score": 0.0, "domain_name": "Number Theory", "health": "thriving", "gap": 0.0}
[2026-04-04T18:15:05+09:00] Target: domain=N, mode=dfs
[2026-04-04T18:15:05+09:00] Step 2: Running discovery action...
[2026-04-04T18:15:07+09:00] Act result: {
  "discoveries": 9,
  "cycle": 5,
  "mode": "dfs",
  "consecutive_failures": 0,
  "buffer_size": 9,
  "engine_success": true,
  "engine_error": ""
}
[2026-04-04T18:15:07+09:00] Step 3: Cross-validating discoveries...
[2026-04-04T18:15:07+09:00] Validate result: {
  "total_validated": 9,
  "confirmed": 9,
  "buffer_size": 9
}
[2026-04-04T18:15:07+09:00] Step 4: Recording confirmed discoveries...
[2026-04-04T18:15:08+09:00] Record result:   JSON: /Users/ghost/Dev/nexus6/shared/math_atlas.json
  SQLite: /Users/ghost/Dev/nexus6/shared/math_atlas.db
  DOT: /Users/ghost/Dev/nexus6/shared/math_atlas.dot
  Markdown: /Users/ghost/Dev/nexus6/shared/MATH_ATLAS.md
  HTML: /Users/ghost/Dev/nexus6/shared/math_atlas.html

=== Math Atlas Summary ===
  Total hypotheses: 687
  Generated: 2026-04-04T18:15:07

  Per-repo:
    TECS-L         0
    SEDI         688
    anima          0
    golden-moe     0
    conscious-lm     0
    energy-efficiency     0

  Grade distribution (top 10):
    🟧        371  ########################################
    🟩        249  ########################################
    🟦         22  ####
    (none)    20  ####
    ⚪         12  ##
    ⬜ UNTE     7  #
    🟥          6  #

  Constant maps: 122
    SEDI         122
    TECS-L         0
    anima          0
    conscious-lm     0
    energy-efficiency     0
    golden-moe     0
  By category:
    other               69
    physics             15
    targets             14
    constants            6
    observed             5
    nuclear              5
    expressions          3
    architecture         3
    domains              2
  Evaluable: 71/122
{
  "recorded": 9,
  "remaining_buffer": 0,
  "total_in_log": 50,
  "bridge": {
    "notified": true,
    "points": 450,
    "routed": 0
  }
}
[2026-04-04T18:15:08+09:00] Step 5: Syncing via nexus-bridge...
[2026-04-04T18:15:08+09:00] Bridge result:   Syncing: math-atlas, lenses (parallel)...
  [ok] lenses 0.05s
  [FAIL] math-atlas 0.03s (/Applications/Xcode.app/Contents/Developer/usr/bin/python3: )

  1/2 완료 (0.1s)
[2026-04-04T18:15:08+09:00] Step 6: Checking publish threshold...
[2026-04-04T18:15:08+09:00] Publish result: {
  "published": true,
  "paper_id": "TECS-AUTO-20260404-181508",
  "discoveries": 9,
  "zenodo": false,
  "osf": false,
  "doi": null
}
[2026-04-04T18:15:08+09:00] ── Cycle 5 complete. Sleeping 2s ──
[2026-04-04T18:15:10+09:00] ── Cycle 6/6 ──
[2026-04-04T18:15:10+09:00] Step 1: Measuring domain health...
[2026-04-04T18:15:10+09:00] Measure result: {"target_domain": "N", "priority_score": 0.0, "domain_name": "Number Theory", "health": "thriving", "gap": 0.0}
[2026-04-04T18:15:10+09:00] Target: domain=N, mode=dfs
[2026-04-04T18:15:10+09:00] Step 2: Running discovery action...
[2026-04-04T18:15:12+09:00] Act result: {
  "discoveries": 9,
  "cycle": 6,
  "mode": "dfs",
  "consecutive_failures": 0,
  "buffer_size": 9,
  "engine_success": true,
  "engine_error": ""
}
[2026-04-04T18:15:12+09:00] Step 3: Cross-validating discoveries...
[2026-04-04T18:15:12+09:00] Validate result: {
  "total_validated": 9,
  "confirmed": 9,
  "buffer_size": 9
}
[2026-04-04T18:15:12+09:00] Step 4: Recording confirmed discoveries...
[2026-04-04T18:15:13+09:00] Record result:   JSON: /Users/ghost/Dev/nexus6/shared/math_atlas.json
  SQLite: /Users/ghost/Dev/nexus6/shared/math_atlas.db
  DOT: /Users/ghost/Dev/nexus6/shared/math_atlas.dot
  Markdown: /Users/ghost/Dev/nexus6/shared/MATH_ATLAS.md
  HTML: /Users/ghost/Dev/nexus6/shared/math_atlas.html

=== Math Atlas Summary ===
  Total hypotheses: 687
  Generated: 2026-04-04T18:15:12

  Per-repo:
    TECS-L         0
    SEDI         688
    anima          0
    golden-moe     0
    conscious-lm     0
    energy-efficiency     0

  Grade distribution (top 10):
    🟧        371  ########################################
    🟩        249  ########################################
    🟦         22  ####
    (none)    20  ####
    ⚪         12  ##
    ⬜ UNTE     7  #
    🟥          6  #

  Constant maps: 122
    SEDI         122
    TECS-L         0
    anima          0
    conscious-lm     0
    energy-efficiency     0
    golden-moe     0
  By category:
    other               69
    physics             15
    targets             14
    constants            6
    observed             5
    nuclear              5
    expressions          3
    architecture         3
    domains              2
  Evaluable: 71/122
{
  "recorded": 9,
  "remaining_buffer": 0,
  "total_in_log": 59,
  "bridge": {
    "notified": true,
    "points": 450,
    "routed": 0
  }
}
[2026-04-04T18:15:13+09:00] Step 5: Syncing via nexus-bridge...
[2026-04-04T18:15:13+09:00] Bridge result:   Syncing: math-atlas, lenses (parallel)...
  [ok] lenses 0.03s
  [FAIL] math-atlas 0.03s (/Applications/Xcode.app/Contents/Developer/usr/bin/python3: )

  1/2 완료 (0.0s)
[2026-04-04T18:15:13+09:00] Step 6: Checking publish threshold...
[2026-04-04T18:15:13+09:00] Publish result: {
  "published": true,
  "paper_id": "TECS-AUTO-20260404-181513",
  "discoveries": 9,
  "zenodo": false,
  "osf": false,
  "doi": null
}
[2026-04-04T18:15:13+09:00] ── Cycle 6 complete. Sleeping 2s ──
[2026-04-04T18:15:15+09:00] ═══ TECS-L Discovery Loop finished (6 cycles) ═══
[2026-04-04T18:34:03+09:00] ═══ TECS-L Discovery Loop starting (max=1, interval=1s) ═══
[2026-04-04T18:34:03+09:00] ── Cycle 1/1 ──
[2026-04-04T18:34:03+09:00] Step 1: Measuring domain health...
[2026-04-04T18:34:04+09:00] Measure result: {"target_domain": "N", "priority_score": 0.0, "domain_name": "Number Theory", "health": "thriving", "gap": 0.0}
[2026-04-04T18:34:04+09:00] Target: domain=N, mode=dfs
[2026-04-04T18:34:04+09:00] [DRY RUN] Would act on domain=N mode=dfs
[2026-04-04T18:34:05+09:00] ═══ TECS-L Discovery Loop finished (1 cycles) ═══
[2026-04-04T18:39:36+09:00] ═══ TECS-L Discovery Loop starting (max=1, interval=1s) ═══
[2026-04-04T18:39:36+09:00] ── Cycle 1/1 ──
[2026-04-04T18:39:36+09:00] Step 1: Measuring domain health...
[2026-04-04T18:39:36+09:00] Measure result: {"target_domain": "N", "priority_score": 0.0, "domain_name": "Number Theory", "health": "thriving", "gap": 0.0}
[2026-04-04T18:39:36+09:00] Target: domain=N, mode=dfs
[2026-04-04T18:39:36+09:00] [DRY RUN] Would act on domain=N mode=dfs
[2026-04-04T18:39:37+09:00] ═══ TECS-L Discovery Loop finished (1 cycles) ═══
[2026-04-04T18:42:20+09:00] ═══ TECS-L Discovery Loop starting (max=1, interval=1s) ═══
[2026-04-04T18:42:20+09:00] ── Cycle 1/1 ──
[2026-04-04T18:42:20+09:00] Step 1: Measuring domain health...
[2026-04-04T18:42:20+09:00] Measure result: {"target_domain": "N", "priority_score": 0.0, "domain_name": "Number Theory", "health": "thriving", "gap": 0.0}
[2026-04-04T18:42:20+09:00] Target: domain=N, mode=dfs
[2026-04-04T18:42:20+09:00] [DRY RUN] Would act on domain=N mode=dfs
[2026-04-04T18:42:21+09:00] ═══ TECS-L Discovery Loop finished (1 cycles) ═══
[2026-04-04T18:45:54+09:00] ═══ TECS-L Discovery Loop starting (max=1, interval=1s) ═══
[2026-04-04T18:45:54+09:00] ── Cycle 1/1 ──
[2026-04-04T18:45:54+09:00] Step 1: Measuring domain health...
[2026-04-04T18:45:54+09:00] Measure result: {"target_domain": "N", "priority_score": 0.0, "domain_name": "Number Theory", "health": "thriving", "gap": 0.0}
[2026-04-04T18:45:54+09:00] Target: domain=N, mode=dfs
[2026-04-04T18:45:54+09:00] [DRY RUN] Would act on domain=N mode=dfs
[2026-04-04T18:45:55+09:00] ═══ TECS-L Discovery Loop finished (1 cycles) ═══
