Device: mps
Vocab=128, SeqLen=32, d_model=64, d_ff=256
Batch=16, Steps=200, LR=0.0003

Training baseline (dense LM)...
Baseline final loss: 4.9464

Training n=6  k=2  k/n=1/3 [R=1] ...
  loss=4.9485  flop=131072  eff=-1.610715e-08  (23.8s)
Training n=8  k=2  k/n=1/4 ...
  loss=4.9499  flop=131072  eff=-2.668767e-08  (31.2s)
Training n=8  k=4  k/n=1/2 ...
  loss=4.9483  flop=262144  eff=-7.092513e-09  (61.1s)
Training n=12 k=4  k/n=1/3 [R=1] ...
  loss=4.9529  flop=262144  eff=-2.490024e-08  (82.0s)
Training n=12 k=6  k/n=1/2 ...
  loss=4.9520  flop=393216  eff=-1.425888e-08  (111.5s)
Training n=16 k=4  k/n=1/4 ...
  loss=4.9395  flop=262144  eff=2.620363e-08  (99.1s)
Training n=4  k=2  k/n=1/2 ...
  loss=4.9457  flop=131072  eff=5.535549e-09  (15.5s)

## H-EN-2: MoE Energy Efficiency Results

Baseline loss (dense): 4.9464

| Config | n | k | k/n | Final Loss | Active FLOP | Improvement | Efficiency (Δloss/FLOP) | Rank |
|--------|---|---|-----|-----------|-------------|-------------|------------------------|------|
| n=16 k=4  k/n=1/4 | 16 | 4 | 0.2500 | 4.9395 | 262144 | +0.0069 | 2.6204e-08 | #1 |
| n=4  k=2  k/n=1/2 | 4 | 2 | 0.5000 | 4.9457 | 131072 | +0.0007 | 5.5355e-09 | #2 |
| n=8  k=4  k/n=1/2 | 8 | 4 | 0.5000 | 4.9483 | 262144 | -0.0019 | -7.0925e-09 | #3 |
| n=12 k=6  k/n=1/2 | 12 | 6 | 0.5000 | 4.9520 | 393216 | -0.0056 | -1.4259e-08 | #4 |
| n=6  k=2  k/n=1/3 [R=1] **[R=1]** | 6 | 2 | 0.3333 | 4.9485 | 131072 | -0.0021 | -1.6107e-08 | #5 |
| n=12 k=4  k/n=1/3 [R=1] **[R=1]** | 12 | 4 | 0.3333 | 4.9529 | 262144 | -0.0065 | -2.4900e-08 | #6 |
| n=8  k=2  k/n=1/4 | 8 | 2 | 0.2500 | 4.9499 | 131072 | -0.0035 | -2.6688e-08 | #7 |

## Summary

R=1 configurations (k/n=1/3):  avg efficiency = -2.0504e-08
Other configurations:          avg efficiency = -3.2600e-09
R=1 / Other efficiency ratio:  6.290x

Ranks of R=1 configs in efficiency table: [5, 6]

## Efficiency Bar Chart (higher = better)

  n= 6 k=2 (0.33) |                                          | -1.611e-08 <-- R=1
  n= 8 k=2 (0.25) |                                          | -2.669e-08
  n= 8 k=4 (0.50) |                                          | -7.093e-09
  n=12 k=4 (0.33) |                                          | -2.490e-08 <-- R=1
  n=12 k=6 (0.50) |                                          | -1.426e-08
  n=16 k=4 (0.25) | ######################################## | 2.620e-08
  n= 4 k=2 (0.50) | ########                                 | 5.536e-09

## Final Loss Bar Chart (lower = better)

  n= 6 k=2 (0.33) | ##########################               | 4.9485 <-- R=1
  n= 8 k=2 (0.25) | ##############################           | 4.9499
  n= 8 k=4 (0.50) | ##########################               | 4.9483
  n=12 k=4 (0.33) | ######################################## | 4.9529 <-- R=1
  n=12 k=6 (0.50) | #####################################    | 4.9520
  n=16 k=4 (0.25) |                                          | 4.9395
  n= 4 k=2 (0.50) | ##################                       | 4.9457

## H-EN-2 Prediction Verdict

Prediction: k/n = 1/3 (R=1) should be MOST energy-efficient.

RESULT: NOT CONFIRMED - Top config is n=16 k=4  k/n=1/4 (k/n=0.2500).
        Best R=1 config ranks #5 out of 7.

R=1 configs tested: ['n=6  k=2  k/n=1/3 [R=1]', 'n=12 k=4  k/n=1/3 [R=1]']
R=1 avg efficiency vs others: 6.290x
